9,92,11,true,true,24,53,true,76,cake
0,30,8,true,true,30,55,true,82,cake
3,71,7,true,true,24,51,true,68,cake
8,21,11,true,true,21,59,true,62,cake
1,89,7,true,true,10,38,true,46,cake
2,56,6,true,true,27,42,true,93,cake
2,67,4,true,true,11,33,true,69,cake
5,30,8,true,true,6,48,true,50,cake
1,46,6,true,true,24,27,true,50,cake
7,67,7,true,true,37,40,true,59,cake
1,23,3,true,true,19,54,true,85,cake
2,77,6,true,true,2,63,true,54,cake
5,93,10,true,true,31,48,true,66,cake
4,59,11,true,true,27,42,true,81,cake
9,55,8,true,true,23,60,true,74,cake
2,79,11,true,true,31,29,true,95,cake
0,97,2,true,true,12,60,true,85,cake
6,33,7,true,true,31,38,true,85,cake
2,24,9,true,true,19,61,true,50,cake
8,59,9,true,true,11,46,true,49,cake
2,59,9,true,true,27,49,true,46,cake
6,87,6,true,true,37,28,true,76,cake
0,41,3,true,true,18,25,true,82,cake
4,62,3,true,true,7,32,true,66,cake
6,22,5,true,true,8,41,true,49,cake
5,73,3,true,true,21,36,true,67,cake
2,82,7,true,true,22,36,true,71,cake
3,40,10,true,true,15,52,true,85,cake
3,23,5,true,true,12,30,true,45,cake
8,59,10,true,true,25,55,true,94,cake
6,74,9,true,true,22,26,true,80,cake
5,29,4,true,true,17,62,true,92,cake
3,33,7,true,true,25,43,true,54,cake
3,32,3,true,true,17,49,true,77,cake
8,65,2,true,true,19,63,true,78,cake
6,54,5,true,true,25,61,true,70,cake
2,55,8,true,true,37,28,true,58,cake
7,23,4,true,true,31,37,true,62,cake
9,85,8,true,true,10,41,true,91,cake
0,82,10,true,true,10,40,true,86,cake
8,78,8,true,true,34,42,true,53,cake
7,80,8,true,true,15,47,true,49,cake
3,85,6,true,true,33,62,true,97,cake
3,22,9,true,true,20,37,true,67,cake
3,97,4,true,true,35,46,true,55,cake
0,46,11,true,true,27,33,true,68,cake
5,41,11,true,true,35,45,true,85,cake
3,55,4,true,true,37,29,true,60,cake
5,76,10,true,true,38,52,true,62,cake
3,49,7,true,true,23,50,true,68,cake