89,98,34,false,false,2,7,false,1,coffee
89,91,43,false,false,3,11,false,0,coffee
87,87,41,false,false,3,9,false,0,coffee
87,93,33,false,false,3,6,false,4,coffee
92,93,55,false,false,1,8,false,2,coffee
90,87,45,false,false,3,8,false,0,coffee
87,89,55,false,false,2,11,false,6,coffee
91,93,36,false,false,2,5,false,4,coffee
89,89,49,false,false,2,11,false,0,coffee
93,93,45,false,false,4,7,false,5,coffee
91,90,41,false,false,3,6,false,5,coffee
85,98,54,false,false,2,9,false,6,coffee
90,93,45,false,false,4,7,false,4,coffee
93,91,45,false,false,1,7,false,3,coffee
89,99,51,false,false,4,6,false,1,coffee
91,92,51,false,false,4,6,false,1,coffee
92,88,31,false,false,2,6,false,6,coffee
88,95,41,false,false,1,9,false,6,coffee
93,90,37,false,false,1,6,false,4,coffee
91,94,54,false,false,1,7,false,2,coffee
90,98,52,false,false,3,9,false,5,coffee
92,96,52,false,false,1,9,false,4,coffee
87,96,31,false,false,1,8,false,2,coffee
86,88,54,false,false,2,5,false,6,coffee
88,95,31,false,false,3,6,false,5,coffee
87,89,51,false,false,3,6,false,5,coffee
85,98,47,false,false,2,8,false,3,coffee
88,90,34,false,false,1,10,false,1,coffee
86,98,31,false,false,3,6,false,6,coffee
89,92,33,false,false,4,5,false,3,coffee
87,92,53,false,false,3,7,false,2,coffee
90,99,43,false,false,3,5,false,6,coffee
88,93,50,false,false,4,7,false,4,coffee
85,95,33,false,false,2,8,false,4,coffee
92,99,36,false,false,4,10,false,4,coffee
93,97,40,false,false,1,6,false,1,coffee
86,90,31,false,false,4,7,false,5,coffee
85,97,53,false,false,2,9,false,0,coffee
90,93,35,false,false,1,7,false,4,coffee
90,99,38,false,false,2,5,false,4,coffee
91,88,41,false,false,3,8,false,3,coffee
87,93,32,false,false,3,6,false,2,coffee
85,93,44,false,false,2,9,false,3,coffee
90,93,37,false,false,4,6,false,6,coffee
86,90,47,false,false,1,9,false,3,coffee
86,94,47,false,false,4,5,false,4,coffee
86,90,43,false,false,4,9,false,6,coffee
86,97,55,false,false,2,8,false,4,coffee
90,99,34,false,false,3,5,false,4,coffee
89,89,33,false,false,2,8,false,4,coffee