10,9,75,true,true,3,3,false,67,glue
13,9,34,true,true,12,12,false,75,glue
20,15,61,true,true,9,4,false,73,glue
8,5,57,true,true,18,18,false,74,glue
14,13,71,true,true,14,5,false,77,glue
9,14,19,true,true,11,3,false,71,glue
15,8,32,true,true,2,3,false,75,glue
21,17,50,true,true,13,5,false,69,glue
16,12,69,true,true,18,11,false,73,glue
16,9,29,true,true,4,8,false,68,glue
21,3,36,true,true,10,11,false,74,glue
7,11,68,true,true,19,5,false,68,glue
14,2,84,true,true,18,13,false,73,glue
21,11,69,true,true,3,10,false,67,glue
22,12,78,true,true,4,8,false,70,glue
7,11,53,true,true,18,17,false,72,glue
21,14,12,true,true,12,19,false,74,glue
8,12,81,true,true,3,4,false,67,glue
21,1,38,true,true,14,20,false,72,glue
18,4,59,true,true,17,11,false,66,glue
17,9,60,true,true,10,5,false,67,glue
11,13,82,true,true,2,15,false,66,glue
21,20,47,true,true,14,14,false,68,glue
22,5,25,true,true,18,14,false,77,glue
14,3,67,true,true,16,16,false,75,glue
19,20,37,true,true,14,5,false,69,glue
19,6,20,true,true,18,18,false,70,glue
14,0,17,true,true,12,16,false,77,glue
8,5,58,true,true,18,16,false,66,glue
15,1,16,true,true,13,3,false,69,glue
17,7,11,true,true,14,14,false,75,glue
14,22,37,true,true,8,5,false,72,glue
17,5,13,true,true,18,5,false,68,glue
13,21,21,true,true,13,13,false,74,glue
10,20,66,true,true,13,6,false,67,glue
15,15,23,true,true,14,6,false,70,glue
9,2,65,true,true,9,9,false,77,glue
8,18,26,true,true,15,12,false,74,glue
16,18,40,true,true,6,8,false,71,glue
16,16,25,true,true,19,9,false,68,glue
13,20,31,true,true,11,3,false,72,glue
12,10,59,true,true,6,17,false,76,glue
13,21,18,true,true,4,9,false,72,glue
15,9,77,true,true,8,6,false,71,glue
9,17,55,true,true,7,15,false,73,glue
15,8,25,true,true,11,3,false,75,glue
22,5,52,true,true,4,14,false,72,glue
17,7,71,true,true,5,20,false,67,glue
20,8,53,true,true,13,4,false,68,glue
8,17,47,true,true,14,8,false,68,glue