9,60,16,false,false,0,5,true,3,grass
2,59,15,false,false,0,6,true,1,grass
7,64,14,false,false,2,4,true,2,grass
1,61,18,false,false,1,6,true,1,grass
9,63,14,false,false,2,4,true,3,grass
9,58,18,false,false,2,6,true,3,grass
4,60,16,false,false,2,5,true,2,grass
3,66,14,false,false,0,4,true,3,grass
5,64,18,false,false,1,6,true,1,grass
0,60,15,false,false,0,3,true,2,grass
4,65,13,false,false,1,4,true,1,grass
9,61,19,false,false,2,5,true,3,grass
8,62,16,false,false,2,5,true,2,grass
2,56,13,false,false,2,5,true,1,grass
9,58,19,false,false,0,6,true,1,grass
9,65,16,false,false,1,6,true,3,grass
6,58,16,false,false,1,7,true,1,grass
7,61,16,false,false,2,3,true,2,grass
7,55,17,false,false,1,6,true,3,grass
5,53,16,false,false,2,5,true,3,grass
7,62,15,false,false,2,5,true,3,grass
8,65,16,false,false,2,7,true,0,grass
3,53,20,false,false,1,6,true,0,grass
3,60,17,false,false,2,5,true,2,grass
8,58,15,false,false,2,5,true,2,grass
4,62,14,false,false,0,4,true,2,grass
1,57,13,false,false,2,7,true,3,grass
1,65,14,false,false,0,7,true,1,grass
3,64,18,false,false,1,4,true,3,grass
5,59,18,false,false,2,3,true,0,grass
8,59,20,false,false,2,7,true,2,grass
6,61,13,false,false,0,7,true,0,grass
3,56,17,false,false,0,7,true,0,grass
1,60,15,false,false,2,5,true,3,grass
7,61,20,false,false,0,4,true,0,grass
7,63,13,false,false,2,5,true,0,grass
4,66,19,false,false,1,3,true,3,grass
9,65,13,false,false,1,4,true,1,grass
2,58,15,false,false,1,3,true,3,grass
0,65,15,false,false,2,7,true,2,grass
0,53,16,false,false,0,5,true,0,grass
8,57,20,false,false,0,6,true,2,grass
9,55,15,false,false,0,6,true,3,grass
1,55,14,false,false,2,5,true,1,grass
4,56,17,false,false,2,7,true,2,grass
5,53,19,false,false,2,6,true,0,grass
7,62,15,false,false,2,3,true,1,grass
2,62,18,false,false,1,3,true,0,grass
9,62,17,false,false,2,5,true,2,grass
6,59,19,false,false,2,7,true,3,grass