86,99,7,false,false,3,6,false,1,ink
81,98,2,false,false,3,3,false,0,ink
87,99,5,false,false,3,5,false,1,ink
86,98,7,false,false,3,6,false,1,ink
80,99,6,false,false,4,1,false,1,ink
80,99,5,false,false,4,2,false,1,ink
84,99,6,false,false,3,5,false,0,ink
84,98,7,false,false,4,1,false,1,ink
81,98,5,false,false,4,2,false,1,ink
81,98,2,false,false,3,6,false,1,ink
87,98,6,false,false,2,4,false,0,ink
89,99,4,false,false,2,6,false,1,ink
87,98,3,false,false,4,5,false,1,ink
80,98,2,false,false,2,5,false,1,ink
86,98,5,false,false,2,6,false,0,ink
86,98,6,false,false,2,1,false,0,ink
84,99,5,false,false,4,6,false,0,ink
81,99,7,false,false,2,3,false,1,ink
88,98,2,false,false,4,5,false,0,ink
86,99,7,false,false,4,5,false,1,ink
89,98,5,false,false,2,3,false,0,ink
82,99,2,false,false,4,3,false,0,ink
89,98,2,false,false,2,4,false,0,ink
84,99,3,false,false,2,3,false,1,ink
85,99,5,false,false,3,1,false,1,ink
81,98,5,false,false,2,4,false,1,ink
83,99,7,false,false,4,4,false,1,ink
88,99,2,false,false,3,1,false,1,ink
80,98,3,false,false,3,5,false,1,ink
85,99,3,false,false,2,4,false,1,ink
81,98,5,false,false,4,2,false,1,ink
80,98,5,false,false,2,3,false,1,ink
80,99,4,false,false,3,1,false,1,ink
83,98,3,false,false,3,2,false,1,ink
80,99,4,false,false,3,2,false,1,ink
82,99,6,false,false,4,2,false,1,ink
86,99,5,false,false,2,4,false,1,ink
85,98,3,false,false,4,3,false,0,ink
83,98,5,false,false,4,5,false,0,ink
85,99,4,false,false,3,1,false,1,ink
80,98,4,false,false,4,3,false,1,ink
87,99,5,false,false,2,3,false,0,ink
80,99,6,false,false,4,1,false,0,ink
82,99,2,false,false,3,5,false,1,ink
86,99,3,false,false,4,1,false,1,ink
87,99,3,false,false,3,6,false,0,ink
83,98,7,false,false,2,6,false,0,ink
82,98,6,false,false,3,6,false,0,ink
83,99,7,false,false,4,1,false,1,ink
85,99,3,false,false,3,1,false,1,ink