38,98,29,true,true,29,16,false,78,lubricant
20,98,16,true,true,62,24,false,59,lubricant
39,97,14,true,true,16,53,false,79,lubricant
25,96,14,true,true,43,45,false,97,lubricant
20,99,27,true,true,43,53,false,80,lubricant
35,99,12,true,true,17,37,false,82,lubricant
27,96,24,true,true,47,8,false,76,lubricant
22,95,16,true,true,36,19,false,79,lubricant
17,99,33,true,true,33,8,false,90,lubricant
39,95,17,true,true,47,13,false,70,lubricant
17,99,16,true,true,39,31,false,92,lubricant
35,96,14,true,true,11,55,false,63,lubricant
35,98,16,true,true,25,31,false,93,lubricant
23,98,29,true,true,20,27,false,71,lubricant
21,98,32,true,true,11,36,false,83,lubricant
22,99,18,true,true,26,33,false,70,lubricant
37,96,14,true,true,44,44,false,61,lubricant
34,97,35,true,true,38,20,false,85,lubricant
21,97,13,true,true,29,31,false,83,lubricant
20,99,39,true,true,56,34,false,69,lubricant
31,96,22,true,true,59,8,false,92,lubricant
29,95,35,true,true,25,45,false,63,lubricant
17,96,23,true,true,12,36,false,85,lubricant
25,99,39,true,true,24,55,false,74,lubricant
21,95,34,true,true,35,43,false,75,lubricant
19,96,33,true,true,61,31,false,68,lubricant
26,97,33,true,true,32,13,false,91,lubricant
39,96,12,true,true,16,21,false,96,lubricant
34,99,22,true,true,54,15,false,84,lubricant
23,95,14,true,true,62,17,false,91,lubricant
34,97,12,true,true,27,28,false,60,lubricant
38,95,39,true,true,52,6,false,74,lubricant
30,95,32,true,true,46,48,false,86,lubricant
38,98,32,true,true,46,27,false,91,lubricant
35,97,18,true,true,33,15,false,57,lubricant
18,97,38,true,true,44,10,false,67,lubricant
17,98,35,true,true,14,22,false,89,lubricant
38,99,18,true,true,60,39,false,78,lubricant
39,97,35,true,true,36,20,false,74,lubricant
29,97,13,true,true,9,15,false,59,lubricant
35,97,16,true,true,62,32,false,95,lubricant
20,96,17,true,true,19,30,false,75,lubricant
17,96,21,true,true,43,44,false,87,lubricant
35,97,25,true,true,64,8,false,98,lubricant
35,97,32,true,true,40,55,false,99,lubricant
36,99,35,true,true,42,18,false,66,lubricant
25,95,29,true,true,22,29,false,90,lubricant
37,97,39,true,true,11,8,false,66,lubricant
29,98,25,true,true,31,17,false,97,lubricant
31,98,28,true,true,50,47,false,71,lubricant