15,10,73,true,false,2,73,false,48,paste
11,21,60,true,false,14,51,false,61,paste
3,29,27,true,false,4,64,false,50,paste
6,16,43,true,false,12,50,false,58,paste
18,26,70,true,false,3,65,false,47,paste
7,16,74,true,false,16,65,false,47,paste
2,36,25,true,false,6,68,false,52,paste
5,40,75,true,false,0,66,false,54,paste
5,28,25,true,false,7,61,false,59,paste
7,33,68,true,false,14,58,false,57,paste
11,32,88,true,false,19,58,false,53,paste
7,14,35,true,false,0,58,false,48,paste
16,35,40,true,false,5,55,false,49,paste
4,34,69,true,false,8,54,false,46,paste
14,29,33,true,false,4,69,false,51,paste
15,40,43,true,false,11,45,false,55,paste
5,37,45,true,false,12,48,false,48,paste
3,36,61,true,false,6,45,false,58,paste
7,13,30,true,false,16,60,false,46,paste
14,32,58,true,false,3,56,false,55,paste
18,28,52,true,false,6,47,false,47,paste
9,34,81,true,false,14,73,false,47,paste
15,20,72,true,false,11,57,false,50,paste
19,29,82,true,false,1,48,false,50,paste
9,11,42,true,false,20,69,false,62,paste
6,35,76,true,false,0,68,false,56,paste
8,11,74,true,false,11,55,false,47,paste
15,18,37,true,false,1,73,false,62,paste
7,15,88,true,false,17,47,false,49,paste
13,38,34,true,false,10,44,false,62,paste
2,34,83,true,false,19,63,false,47,paste
19,23,66,true,false,7,60,false,60,paste
9,17,32,true,false,0,70,false,58,paste
15,15,53,true,false,10,47,false,61,paste
5,35,48,true,false,8,66,false,56,paste
2,39,53,true,false,5,61,false,46,paste
11,29,71,true,false,18,63,false,53,paste
2,20,59,true,false,12,54,false,56,paste
3,26,56,true,false,21,44,false,60,paste
10,25,71,true,false,0,69,false,61,paste
14,33,69,true,false,10,52,false,57,paste
5,22,26,true,false,7,43,false,47,paste
17,38,33,true,false,12,63,false,55,paste
6,33,48,true,false,2,59,false,51,paste
8,38,31,true,false,0,63,false,54,paste
5,37,31,true,false,12,53,false,60,paste
19,15,58,true,false,9,62,false,59,paste
4,26,42,true,false,21,51,false,52,paste
14,41,36,true,false,0,65,false,60,paste
5,26,55,true,false,1,72,false,53,paste