20,71,89,true,false,16,95,true,73,rot
28,69,92,true,false,17,90,true,70,rot
27,66,88,true,false,15,94,true,72,rot
16,77,93,true,false,21,93,true,65,rot
29,62,95,true,false,11,93,true,62,rot
12,69,90,true,false,15,92,true,63,rot
12,73,90,true,false,12,96,true,65,rot
23,60,95,true,false,11,96,true,65,rot
19,64,96,true,false,18,93,true,62,rot
22,71,92,true,false,11,94,true,73,rot
19,57,92,true,false,11,93,true,63,rot
27,66,90,true,false,21,93,true,70,rot
27,68,89,true,false,26,92,true,67,rot
29,60,88,true,false,21,94,true,62,rot
27,73,96,true,false,25,90,true,70,rot
21,68,95,true,false,16,89,true,67,rot
26,75,95,true,false,13,95,true,62,rot
28,65,90,true,false,20,94,true,72,rot
30,78,97,true,false,24,95,true,65,rot
28,64,94,true,false,25,96,true,64,rot
15,72,94,true,false,24,92,true,64,rot
28,58,91,true,false,25,96,true,63,rot
26,74,95,true,false,26,92,true,65,rot
30,68,91,true,false,25,91,true,69,rot
15,60,92,true,false,13,94,true,64,rot
12,74,94,true,false,19,89,true,68,rot
23,68,88,true,false,21,94,true,71,rot
30,72,96,true,false,23,95,true,70,rot
14,74,89,true,false,16,91,true,66,rot
29,72,90,true,false,16,91,true,68,rot
30,60,97,true,false,20,91,true,68,rot
14,66,93,true,false,25,96,true,71,rot
19,77,88,true,false,16,90,true,63,rot
28,66,97,true,false,15,95,true,62,rot
28,68,92,true,false,12,90,true,69,rot
14,76,89,true,false,17,95,true,63,rot
23,62,96,true,false,12,89,true,73,rot
13,60,93,true,false,21,90,true,65,rot
15,69,96,true,false,22,90,true,67,rot
29,56,96,true,false,17,91,true,66,rot
14,76,87,true,false,15,94,true,63,rot
17,64,88,true,false,20,92,true,68,rot
28,66,92,true,false,12,92,true,64,rot
18,58,88,true,false,14,90,true,73,rot
13,78,92,true,false,16,93,true,66,rot
24,72,93,true,false,12,94,true,72,rot
25,57,97,true,false,13,96,true,69,rot
16,60,90,true,false,14,92,true,73,rot
13,56,88,true,false,18,92,true,73,rot
14,58,88,true,false,17,92,true,64,rot