1,31,0,false,false,67,28,false,0,sand
0,33,0,false,false,73,38,false,1,sand
1,14,2,false,false,65,40,false,0,sand
0,30,1,false,false,57,21,false,0,sand
1,20,1,false,false,71,23,false,0,sand
0,26,4,false,false,77,22,false,1,sand
1,13,1,false,false,69,23,false,0,sand
0,23,1,false,false,80,20,false,0,sand
1,27,4,false,false,80,37,false,1,sand
0,33,1,false,false,68,27,false,0,sand
1,15,2,false,false,82,20,false,1,sand
0,25,0,false,false,70,36,false,0,sand
0,25,4,false,false,61,27,false,0,sand
1,18,3,false,false,81,20,false,0,sand
1,23,4,false,false,52,27,false,1,sand
1,26,4,false,false,56,27,false,0,sand
0,32,2,false,false,75,24,false,0,sand
0,30,0,false,false,76,32,false,1,sand
1,21,0,false,false,81,38,false,1,sand
1,33,5,false,false,66,42,false,1,sand
1,21,4,false,false,63,42,false,0,sand
0,12,2,false,false,58,21,false,1,sand
0,20,4,false,false,69,34,false,0,sand
0,12,0,false,false,61,40,false,0,sand
1,14,1,false,false,68,31,false,0,sand
1,14,3,false,false,52,41,false,0,sand
0,12,1,false,false,53,32,false,0,sand
0,29,4,false,false,78,37,false,1,sand
1,31,5,false,false,57,22,false,0,sand
0,21,2,false,false,67,39,false,0,sand
0,20,4,false,false,78,35,false,1,sand
0,26,4,false,false,58,20,false,0,sand
1,30,1,false,false,52,30,false,1,sand
0,18,1,false,false,65,28,false,0,sand
1,17,5,false,false,61,34,false,0,sand
0,30,3,false,false,81,21,false,0,sand
0,15,2,false,false,75,29,false,0,sand
1,18,2,false,false,64,23,false,1,sand
0,28,4,false,false,76,41,false,1,sand
0,26,0,false,false,53,35,false,1,sand
0,29,0,false,false,55,33,false,0,sand
1,15,3,false,false,57,41,false,0,sand
1,16,4,false,false,59,40,false,0,sand
0,18,3,false,false,72,42,false,0,sand
0,32,3,false,false,77,22,false,0,sand
1,20,3,false,false,84,36,false,0,sand
1,17,4,false,false,68,32,false,0,sand
0,18,5,false,false,67,22,false,1,sand
1,21,3,false,false,58,32,false,1,sand
0,19,5,false,false,73,22,false,0,sand