69,44,33,true,true,21,50,false,64,sauce
64,76,43,true,true,19,48,false,49,sauce
60,45,58,true,true,19,41,false,66,sauce
72,79,30,true,true,12,44,false,39,sauce
69,44,37,true,true,12,42,false,55,sauce
72,53,52,true,true,21,49,false,42,sauce
71,72,54,true,true,11,46,false,35,sauce
72,50,28,true,true,21,49,false,27,sauce
61,47,26,true,true,12,45,false,28,sauce
70,46,54,true,true,18,51,false,57,sauce
73,45,47,true,true,10,53,false,57,sauce
61,65,43,true,true,18,43,false,66,sauce
66,75,28,true,true,21,49,false,61,sauce
61,74,22,true,true,13,48,false,37,sauce
61,63,45,true,true,10,51,false,54,sauce
62,85,33,true,true,18,48,false,43,sauce
64,65,59,true,true,17,45,false,58,sauce
64,57,52,true,true,10,48,false,28,sauce
66,69,29,true,true,10,46,false,50,sauce
60,82,23,true,true,17,42,false,36,sauce
63,58,45,true,true,16,46,false,34,sauce
73,71,57,true,true,16,52,false,58,sauce
71,76,25,true,true,12,53,false,54,sauce
70,86,55,true,true,15,45,false,50,sauce
65,67,43,true,true,11,50,false,42,sauce
67,55,21,true,true,15,42,false,61,sauce
65,77,26,true,true,13,52,false,50,sauce
63,50,38,true,true,15,50,false,24,sauce
73,50,32,true,true,16,51,false,50,sauce
68,46,53,true,true,17,40,false,45,sauce
65,58,49,true,true,17,51,false,53,sauce
62,70,54,true,true,16,45,false,31,sauce
62,76,27,true,true,16,42,false,46,sauce
66,84,42,true,true,13,41,false,52,sauce
72,60,39,true,true,19,52,false,48,sauce
64,53,21,true,true,11,49,false,59,sauce
70,74,46,true,true,11,46,false,33,sauce
69,45,59,true,true,11,45,false,60,sauce
74,47,24,true,true,19,50,false,65,sauce
62,57,23,true,true,21,44,false,64,sauce
67,80,38,true,true,21,46,false,40,sauce
61,50,53,true,true,10,45,false,44,sauce
63,87,29,true,true,11,40,false,48,sauce
62,87,57,true,true,13,42,false,61,sauce
73,60,35,true,true,16,53,false,47,sauce
72,72,51,true,true,13,53,false,34,sauce
68,83,26,true,true,10,42,false,66,sauce
74,62,51,true,true,21,43,false,32,sauce
72,62,40,true,true,12,46,false,65,sauce
62,77,52,true,true,14,50,false,55,sauce