93,79,54,FALSE,FALSE,9,0,TRUE,2,wine
96,86,26,FALSE,FALSE,7,1,TRUE,1,wine
91,80,51,FALSE,FALSE,11,0,TRUE,2,wine
94,25,21,FALSE,FALSE,15,0,TRUE,2,wine
95,90,23,FALSE,FALSE,17,1,TRUE,0,wine
94,48,24,FALSE,FALSE,2,0,TRUE,0,wine
91,35,60,FALSE,FALSE,5,0,TRUE,3,wine
91,48,43,FALSE,FALSE,11,0,TRUE,0,wine
94,48,51,FALSE,FALSE,6,0,TRUE,0,wine
92,68,50,FALSE,FALSE,12,0,TRUE,1,wine
90,94,32,FALSE,FALSE,9,0,TRUE,1,wine
95,51,28,FALSE,FALSE,15,1,TRUE,0,wine
91,42,57,FALSE,FALSE,22,1,TRUE,1,wine
95,61,49,FALSE,FALSE,17,0,TRUE,2,wine
95,28,23,FALSE,FALSE,19,1,TRUE,1,wine
96,72,60,FALSE,FALSE,14,0,TRUE,3,wine
92,76,51,FALSE,FALSE,11,0,TRUE,3,wine
93,24,22,FALSE,FALSE,12,0,TRUE,2,wine
97,82,20,FALSE,FALSE,23,1,TRUE,0,wine
93,46,24,FALSE,FALSE,6,0,TRUE,2,wine
96,99,57,FALSE,FALSE,8,0,TRUE,3,wine
92,32,54,FALSE,FALSE,8,0,TRUE,1,wine
93,99,62,FALSE,FALSE,4,0,TRUE,3,wine
90,30,46,FALSE,FALSE,14,0,TRUE,1,wine
93,56,20,FALSE,FALSE,8,0,TRUE,1,wine
96,91,23,FALSE,FALSE,23,0,TRUE,1,wine
90,86,45,FALSE,FALSE,15,0,TRUE,2,wine
93,62,64,FALSE,FALSE,13,0,TRUE,2,wine
91,40,54,FALSE,FALSE,9,0,TRUE,1,wine
95,65,41,FALSE,FALSE,5,1,TRUE,0,wine
94,44,51,FALSE,FALSE,7,1,TRUE,1,wine
95,57,64,FALSE,FALSE,21,1,TRUE,3,wine
93,64,25,FALSE,FALSE,5,0,TRUE,2,wine
96,79,32,FALSE,FALSE,15,1,TRUE,2,wine
95,71,61,FALSE,FALSE,21,1,TRUE,3,wine
92,30,41,FALSE,FALSE,20,1,TRUE,0,wine
94,96,31,FALSE,FALSE,9,1,TRUE,1,wine
91,32,63,FALSE,FALSE,13,1,TRUE,1,wine
90,75,34,FALSE,FALSE,2,0,TRUE,0,wine
90,61,55,FALSE,FALSE,17,0,TRUE,2,wine
93,51,63,FALSE,FALSE,21,1,TRUE,0,wine
95,33,55,FALSE,FALSE,9,0,TRUE,0,wine
96,84,58,FALSE,FALSE,2,1,TRUE,2,wine
92,72,48,FALSE,FALSE,13,0,TRUE,0,wine
97,59,53,FALSE,FALSE,8,0,TRUE,0,wine
96,30,47,FALSE,FALSE,5,1,TRUE,0,wine
94,84,49,FALSE,FALSE,19,0,TRUE,1,wine
97,95,55,FALSE,FALSE,10,1,TRUE,0,wine
91,32,34,FALSE,FALSE,12,0,TRUE,2,wine
91,27,38,FALSE,FALSE,6,1,TRUE,2,wine
