69,52,9,true,true,17,4,false,48,dressing
69,84,42,true,true,17,16,false,39,dressing
71,55,25,true,true,16,13,false,45,dressing
73,27,24,true,true,17,18,false,49,dressing
69,90,38,true,true,18,28,false,28,dressing
76,15,12,true,true,18,16,false,27,dressing
70,75,41,true,true,17,7,false,33,dressing
72,67,19,true,true,15,29,false,23,dressing
71,27,17,true,true,14,12,false,38,dressing
71,84,33,true,true,18,10,false,40,dressing
74,90,9,true,true,14,4,false,51,dressing
72,51,7,true,true,18,31,false,51,dressing
72,13,26,true,true,16,27,false,40,dressing
70,45,23,true,true,17,35,false,26,dressing
69,28,7,true,true,14,16,false,33,dressing
72,47,42,true,true,18,9,false,33,dressing
70,69,17,true,true,17,16,false,33,dressing
69,74,23,true,true,14,15,false,42,dressing
71,80,27,true,true,16,22,false,35,dressing
71,77,15,true,true,14,34,false,30,dressing
76,91,13,true,true,14,14,false,28,dressing
73,40,36,true,true,16,24,false,30,dressing
75,83,14,true,true,16,19,false,31,dressing
69,17,35,true,true,17,19,false,29,dressing
76,76,28,true,true,18,15,false,52,dressing
75,50,35,true,true,17,24,false,45,dressing
70,76,23,true,true,16,12,false,51,dressing
72,67,24,true,true,15,32,false,39,dressing
75,46,11,true,true,15,17,false,33,dressing
74,18,22,true,true,16,10,false,39,dressing
69,59,30,true,true,15,27,false,43,dressing
73,49,37,true,true,16,7,false,54,dressing
75,16,10,true,true,15,21,false,26,dressing
72,30,37,true,true,14,9,false,35,dressing
76,66,9,true,true,14,28,false,21,dressing
69,32,33,true,true,15,3,false,38,dressing
70,53,30,true,true,14,34,false,22,dressing
75,84,40,true,true,14,27,false,34,dressing
73,67,30,true,true,14,17,false,32,dressing
71,27,16,true,true,15,29,false,22,dressing
70,58,24,true,true,18,31,false,27,dressing
75,50,16,true,true,14,18,false,46,dressing
72,90,28,true,true,17,18,false,45,dressing
76,60,28,true,true,14,25,false,39,dressing
73,51,40,true,true,14,3,false,37,dressing
74,82,8,true,true,14,14,false,37,dressing
70,69,6,true,true,15,31,false,53,dressing
74,47,34,true,true,18,5,false,47,dressing
74,45,14,true,true,18,33,false,42,dressing
70,82,27,true,true,14,27,false,39,dressing