0,0,16,false,false,38,78,false,16,dust
0,1,15,false,false,34,80,false,25,dust
0,3,12,false,false,38,74,false,10,dust
0,3,15,false,false,37,78,false,18,dust
0,3,15,false,false,38,86,false,25,dust
0,1,13,false,false,39,87,false,10,dust
0,8,16,false,false,39,74,false,21,dust
0,9,16,false,false,42,78,false,14,dust
0,7,15,false,false,38,79,false,20,dust
0,2,19,false,false,34,82,false,15,dust
0,8,11,false,false,31,84,false,26,dust
0,1,20,false,false,42,77,false,30,dust
0,3,17,false,false,31,84,false,24,dust
0,5,15,false,false,39,76,false,25,dust
0,2,15,false,false,40,79,false,13,dust
0,5,11,false,false,36,75,false,24,dust
0,2,16,false,false,34,88,false,26,dust
0,7,18,false,false,41,81,false,29,dust
0,8,12,false,false,39,85,false,12,dust
0,0,17,false,false,31,79,false,11,dust
0,11,15,false,false,33,80,false,18,dust
0,4,17,false,false,41,88,false,31,dust
0,1,17,false,false,40,87,false,10,dust
0,9,18,false,false,41,84,false,22,dust
0,3,18,false,false,34,85,false,10,dust
0,9,19,false,false,31,78,false,20,dust
0,7,15,false,false,38,84,false,31,dust
0,2,11,false,false,35,76,false,31,dust
0,7,18,false,false,34,80,false,20,dust
0,2,17,false,false,38,80,false,23,dust
0,6,11,false,false,38,74,false,30,dust
0,11,11,false,false,35,85,false,21,dust
0,0,17,false,false,34,82,false,30,dust
0,0,15,false,false,31,84,false,11,dust
0,2,11,false,false,39,85,false,16,dust
0,0,13,false,false,34,85,false,26,dust
0,1,18,false,false,37,77,false,16,dust
0,10,14,false,false,41,87,false,20,dust
0,4,13,false,false,40,77,false,10,dust
0,3,11,false,false,34,82,false,30,dust
0,4,12,false,false,33,88,false,11,dust
0,2,15,false,false,39,83,false,25,dust
0,6,17,false,false,31,81,false,30,dust
0,9,16,false,false,36,82,false,29,dust
0,3,20,false,false,34,75,false,23,dust
0,8,15,false,false,34,74,false,22,dust
0,5,18,false,false,38,79,false,17,dust
0,11,20,false,false,32,84,false,17,dust
0,10,16,false,false,35,84,false,27,dust
0,1,16,false,false,39,82,false,17,dust