61,59,65,true,false,9,93,false,57,fungus
50,63,66,true,false,10,77,false,57,fungus
76,54,65,true,false,10,96,false,60,fungus
61,59,65,true,false,11,92,false,53,fungus
49,58,65,true,false,9,92,false,56,fungus
81,60,66,true,false,13,79,false,56,fungus
76,55,66,true,false,14,81,false,57,fungus
49,52,65,true,false,10,91,false,54,fungus
52,62,66,true,false,11,83,false,53,fungus
71,49,66,true,false,14,82,false,62,fungus
66,58,66,true,false,12,92,false,56,fungus
56,55,65,true,false,10,91,false,54,fungus
72,58,66,true,false,7,77,false,60,fungus
47,46,66,true,false,11,93,false,62,fungus
48,53,66,true,false,9,91,false,57,fungus
58,45,66,true,false,9,81,false,57,fungus
77,52,66,true,false,7,91,false,62,fungus
61,48,65,true,false,9,76,false,61,fungus
52,56,66,true,false,10,81,false,53,fungus
44,57,65,true,false,11,82,false,60,fungus
53,46,65,true,false,7,94,false,62,fungus
73,61,65,true,false,14,96,false,53,fungus
76,43,66,true,false,9,85,false,62,fungus
56,44,65,true,false,9,79,false,55,fungus
70,53,65,true,false,12,88,false,54,fungus
78,52,66,true,false,10,81,false,57,fungus
48,43,66,true,false,8,93,false,59,fungus
50,47,65,true,false,13,77,false,58,fungus
56,47,65,true,false,13,83,false,60,fungus
85,60,65,true,false,7,88,false,58,fungus
59,60,65,true,false,12,80,false,60,fungus
62,57,65,true,false,12,86,false,55,fungus
83,48,66,true,false,11,79,false,53,fungus
73,46,66,true,false,8,93,false,56,fungus
61,52,66,true,false,11,77,false,54,fungus
82,45,66,true,false,14,84,false,62,fungus
55,49,66,true,false,7,85,false,57,fungus
59,43,66,true,false,8,85,false,56,fungus
65,52,66,true,false,14,75,false,56,fungus
83,45,66,true,false,12,84,false,62,fungus
68,46,65,true,false,14,87,false,53,fungus
59,55,66,true,false,7,79,false,55,fungus
67,43,66,true,false,11,79,false,57,fungus
49,60,65,true,false,12,78,false,56,fungus
69,52,66,true,false,14,96,false,59,fungus
67,55,65,true,false,9,78,false,56,fungus
60,53,65,true,false,10,83,false,56,fungus
82,62,65,true,false,8,90,false,60,fungus
57,57,65,true,false,7,87,false,56,fungus
53,43,65,true,false,8,85,false,57,fungus