4,14,3,false,false,84,0,false,98,glass
2,24,4,false,false,85,3,false,97,glass
0,22,3,false,false,79,2,false,99,glass
0,23,2,false,false,77,0,false,99,glass
4,28,3,false,false,83,3,false,98,glass
0,16,0,false,false,81,1,false,97,glass
2,12,1,false,false,75,2,false,99,glass
2,30,4,false,false,73,2,false,99,glass
3,18,3,false,false,76,2,false,98,glass
3,13,1,false,false,83,2,false,98,glass
4,13,4,false,false,74,3,false,97,glass
1,15,1,false,false,79,0,false,98,glass
3,21,2,false,false,72,3,false,98,glass
3,27,3,false,false,72,0,false,99,glass
1,17,0,false,false,77,1,false,97,glass
4,25,2,false,false,84,3,false,99,glass
0,23,2,false,false,74,1,false,99,glass
3,29,3,false,false,80,1,false,97,glass
3,31,3,false,false,80,1,false,98,glass
1,18,4,false,false,69,2,false,97,glass
4,30,2,false,false,85,2,false,97,glass
0,24,4,false,false,71,2,false,98,glass
4,17,0,false,false,76,3,false,98,glass
3,9,1,false,false,84,0,false,99,glass
0,11,2,false,false,83,0,false,98,glass
2,21,3,false,false,85,3,false,98,glass
1,11,1,false,false,77,1,false,99,glass
0,19,3,false,false,71,1,false,97,glass
2,28,3,false,false,70,0,false,99,glass
1,5,2,false,false,71,2,false,99,glass
0,22,1,false,false,84,3,false,97,glass
1,9,4,false,false,78,0,false,99,glass
0,27,3,false,false,83,3,false,99,glass
4,24,1,false,false,67,3,false,97,glass
2,5,3,false,false,72,0,false,99,glass
2,12,0,false,false,71,2,false,98,glass
4,28,1,false,false,74,3,false,97,glass
4,28,1,false,false,80,0,false,97,glass
2,5,4,false,false,69,1,false,98,glass
0,20,1,false,false,83,1,false,99,glass
2,24,3,false,false,85,0,false,98,glass
1,28,0,false,false,83,0,false,98,glass
4,25,2,false,false,75,0,false,98,glass
2,24,4,false,false,73,2,false,98,glass
1,16,1,false,false,80,0,false,98,glass
1,25,2,false,false,74,0,false,97,glass
0,15,4,false,false,72,0,false,97,glass
0,10,4,false,false,83,3,false,98,glass
3,5,1,false,false,70,3,false,99,glass
3,21,4,false,false,77,2,false,97,glass