25,94,19,true,false,26,89,false,96,mud
28,94,13,true,false,31,94,false,75,mud
28,99,13,true,false,34,74,false,68,mud
24,94,17,true,false,25,91,false,68,mud
28,97,17,true,false,41,89,false,69,mud
28,95,17,true,false,36,88,false,82,mud
28,98,14,true,false,39,96,false,91,mud
27,96,17,true,false,20,90,false,92,mud
29,94,18,true,false,11,93,false,64,mud
28,96,18,true,false,17,83,false,78,mud
27,96,15,true,false,40,96,false,78,mud
26,98,14,true,false,42,79,false,74,mud
25,97,13,true,false,31,75,false,67,mud
27,95,17,true,false,29,82,false,66,mud
27,96,17,true,false,17,79,false,77,mud
27,97,13,true,false,31,75,false,70,mud
28,98,16,true,false,14,92,false,96,mud
27,98,16,true,false,32,91,false,67,mud
29,94,13,true,false,34,91,false,97,mud
25,95,18,true,false,12,74,false,83,mud
28,98,13,true,false,30,87,false,65,mud
28,95,13,true,false,17,92,false,95,mud
24,97,14,true,false,15,93,false,69,mud
26,97,14,true,false,42,80,false,75,mud
25,95,17,true,false,35,98,false,97,mud
25,95,13,true,false,32,76,false,89,mud
26,98,19,true,false,22,84,false,82,mud
25,96,16,true,false,12,78,false,97,mud
25,98,16,true,false,37,73,false,73,mud
25,98,18,true,false,27,87,false,88,mud
26,94,18,true,false,12,78,false,68,mud
25,99,16,true,false,23,84,false,95,mud
28,94,15,true,false,31,96,false,96,mud
24,96,14,true,false,20,76,false,69,mud
26,96,13,true,false,24,83,false,96,mud
25,96,17,true,false,32,97,false,93,mud
27,98,16,true,false,23,83,false,75,mud
24,95,17,true,false,41,95,false,91,mud
27,97,15,true,false,28,94,false,65,mud
25,96,17,true,false,41,96,false,67,mud
26,96,16,true,false,13,78,false,94,mud
27,97,14,true,false,38,73,false,88,mud
29,97,17,true,false,37,85,false,97,mud
27,94,18,true,false,14,78,false,85,mud
27,97,19,true,false,31,96,false,87,mud
25,98,19,true,false,16,98,false,84,mud
26,97,16,true,false,28,83,false,70,mud
28,97,19,true,false,17,94,false,69,mud
28,97,13,true,false,36,98,false,88,mud
27,96,14,true,false,31,87,false,83,mud