49,48,11,true,true,13,10,false,60,oil
55,35,15,true,true,15,2,false,64,oil
49,35,16,true,true,15,5,false,47,oil
49,49,16,true,true,5,5,false,44,oil
44,46,12,true,true,16,5,false,47,oil
55,45,18,true,true,14,1,false,64,oil
53,42,9,true,true,4,8,false,60,oil
51,44,15,true,true,4,9,false,66,oil
52,49,17,true,true,10,1,false,84,oil
57,34,7,true,true,5,4,false,55,oil
49,34,8,true,true,12,4,false,72,oil
59,37,15,true,true,13,5,false,57,oil
40,42,20,true,true,5,7,false,69,oil
44,47,18,true,true,15,2,false,44,oil
41,51,5,true,true,5,10,false,80,oil
53,51,14,true,true,8,4,false,80,oil
44,45,8,true,true,12,3,false,59,oil
58,34,7,true,true,15,7,false,67,oil
54,43,15,true,true,8,0,false,76,oil
41,50,5,true,true,8,5,false,54,oil
45,46,10,true,true,15,6,false,52,oil
46,44,9,true,true,15,5,false,84,oil
48,43,12,true,true,16,6,false,82,oil
54,34,9,true,true,3,3,false,55,oil
41,35,4,true,true,13,9,false,81,oil
43,47,17,true,true,15,7,false,67,oil
57,38,6,true,true,5,8,false,69,oil
43,40,17,true,true,9,3,false,80,oil
45,38,8,true,true,4,1,false,65,oil
59,41,17,true,true,15,6,false,59,oil
52,51,18,true,true,8,0,false,55,oil
58,35,9,true,true,6,0,false,68,oil
54,38,5,true,true,13,7,false,54,oil
46,40,10,true,true,5,6,false,51,oil
49,46,17,true,true,15,3,false,73,oil
43,46,11,true,true,15,6,false,50,oil
46,34,5,true,true,11,10,false,60,oil
59,40,12,true,true,10,6,false,56,oil
58,47,7,true,true,5,6,false,71,oil
47,43,5,true,true,14,9,false,60,oil
44,39,12,true,true,4,2,false,63,oil
50,35,9,true,true,7,0,false,54,oil
49,34,20,true,true,16,8,false,78,oil
49,39,4,true,true,5,4,false,52,oil
56,41,15,true,true,16,11,false,57,oil
47,49,5,true,true,4,11,false,64,oil
56,50,5,true,true,5,2,false,78,oil
51,41,6,true,true,9,9,false,84,oil
53,41,10,true,true,7,5,false,78,oil
44,41,15,true,true,9,1,false,67,oil