1,99,0,false,false,60,2,false,89,paper
1,97,2,false,false,47,4,false,87,paper
0,95,0,false,false,84,3,false,94,paper
0,95,1,false,false,59,3,false,87,paper
0,96,0,false,false,92,4,false,88,paper
0,97,1,false,false,50,3,false,99,paper
1,99,1,false,false,44,1,false,88,paper
1,96,0,false,false,87,4,false,91,paper
0,97,1,false,false,61,1,false,83,paper
0,96,0,false,false,59,2,false,78,paper
0,99,2,false,false,55,1,false,84,paper
0,96,1,false,false,49,1,false,80,paper
0,99,0,false,false,71,3,false,86,paper
0,99,2,false,false,85,1,false,78,paper
1,97,1,false,false,95,4,false,78,paper
1,97,2,false,false,60,3,false,88,paper
1,97,1,false,false,60,4,false,88,paper
1,96,0,false,false,87,2,false,81,paper
1,96,1,false,false,60,2,false,95,paper
1,97,0,false,false,81,1,false,90,paper
1,97,0,false,false,48,1,false,94,paper
1,99,1,false,false,62,1,false,83,paper
1,96,2,false,false,53,2,false,90,paper
0,98,0,false,false,52,2,false,89,paper
0,97,1,false,false,86,3,false,80,paper
1,97,1,false,false,64,1,false,79,paper
0,99,2,false,false,91,3,false,89,paper
0,97,2,false,false,46,3,false,99,paper
1,95,2,false,false,87,4,false,80,paper
1,97,1,false,false,75,1,false,92,paper
1,98,2,false,false,87,2,false,98,paper
0,95,0,false,false,71,3,false,93,paper
1,97,1,false,false,49,4,false,98,paper
1,97,2,false,false,83,2,false,98,paper
0,98,1,false,false,61,3,false,89,paper
1,99,0,false,false,84,4,false,93,paper
0,98,0,false,false,50,3,false,81,paper
0,95,0,false,false,46,3,false,95,paper
1,97,0,false,false,60,3,false,95,paper
1,97,1,false,false,60,4,false,89,paper
1,97,0,false,false,54,4,false,83,paper
1,95,0,false,false,83,3,false,91,paper
0,97,0,false,false,51,4,false,91,paper
1,96,2,false,false,45,1,false,93,paper
1,97,0,false,false,81,2,false,78,paper
1,97,0,false,false,52,4,false,98,paper
1,96,2,false,false,84,4,false,89,paper
0,95,1,false,false,55,3,false,94,paper
0,96,2,false,false,90,2,false,98,paper
0,97,2,false,false,65,3,false,92,paper