98,1,1,false,false,17,3,false,0,water
96,4,1,false,false,15,3,false,0,water
98,0,1,false,false,24,0,false,1,water
98,4,2,false,false,24,3,false,0,water
97,1,1,false,false,19,3,false,1,water
97,3,1,false,false,21,1,false,1,water
99,4,2,false,false,14,3,false,0,water
99,2,0,false,false,13,0,false,1,water
97,2,2,false,false,14,0,false,1,water
99,4,1,false,false,12,0,false,0,water
99,3,2,false,false,17,1,false,0,water
99,3,2,false,false,24,2,false,1,water
96,2,0,false,false,1,3,false,1,water
96,2,1,false,false,9,3,false,1,water
96,2,4,false,false,7,2,false,1,water
97,1,2,false,false,1,0,false,1,water
99,4,1,false,false,2,3,false,0,water
98,1,4,false,false,29,3,false,1,water
99,1,0,false,false,18,3,false,0,water
96,4,1,false,false,27,2,false,1,water
99,0,1,false,false,3,3,false,0,water
96,1,0,false,false,9,2,false,1,water
97,4,3,false,false,6,1,false,0,water
98,2,2,false,false,12,3,false,1,water
98,0,1,false,false,18,2,false,1,water
97,0,1,false,false,0,3,false,1,water
96,2,0,false,false,22,1,false,0,water
96,4,2,false,false,25,2,false,0,water
99,2,4,false,false,6,0,false,0,water
98,1,4,false,false,0,3,false,0,water
97,4,3,false,false,19,3,false,0,water
97,4,2,false,false,29,3,false,0,water
98,0,3,false,false,27,0,false,1,water
97,3,1,false,false,6,2,false,0,water
98,0,1,false,false,5,2,false,0,water
96,1,0,false,false,27,3,false,0,water
98,4,3,false,false,5,1,false,0,water
98,0,2,false,false,7,3,false,1,water
96,2,2,false,false,30,1,false,0,water
96,3,4,false,false,29,2,false,1,water
99,0,4,false,false,27,3,false,0,water
99,4,1,false,false,29,3,false,0,water
98,4,4,false,false,16,3,false,1,water
96,4,3,false,false,15,0,false,1,water
96,0,0,false,false,17,2,false,0,water
97,0,1,false,false,23,0,false,0,water
96,2,3,false,false,21,3,false,0,water
96,3,2,false,false,6,1,false,1,water
97,3,4,false,false,17,2,false,0,water
97,3,0,false,false,20,0,false,1,water